{
  "0 debug pnpm:scope": {
    "selected": 1,
    "workspacePrefix": "/Users/seven/WebProjects/myself/pluto-music"
  },
  "1 debug pnpm:package-manifest": {
    "initial": {
      "name": "pluto-music",
      "version": "1.0.0",
      "description": "A simplify music web-app.",
      "main": "index.js",
      "scripts": {
        "test": "echo \"Error: no test specified\" && exit 1"
      },
      "keywords": [
        "music",
        "vue2",
        "axios"
      ],
      "author": "leecervan",
      "license": "MIT",
      "dependencies": {
        "dayjs": "^1.10.8"
      }
    },
    "prefix": "/Users/seven/WebProjects/myself/pluto-music"
  },
  "2 debug pnpm:context": {
    "currentLockfileExists": true,
    "storeDir": "/Users/seven/.pnpm-store/v3",
    "virtualStoreDir": "/Users/seven/WebProjects/myself/pluto-music/node_modules/.pnpm"
  },
  "3 debug pnpm:stage": {
    "prefix": "/Users/seven/WebProjects/myself/pluto-music",
    "stage": "resolution_started"
  },
  "4 error pnpm": {
    "code": "ERR_PNPM_SPEC_NOT_SUPPORTED_BY_ANY_RESOLVER",
    "pkgsStack": [],
    "err": {
      "name": "pnpm",
      "message": "@vue-composition-api isn't supported by any available resolver.",
      "code": "ERR_PNPM_SPEC_NOT_SUPPORTED_BY_ANY_RESOLVER",
      "stack": "pnpm: @vue-composition-api isn't supported by any available resolver.\n    at Object.resolve (/Users/seven/.config/yarn/global/node_modules/pnpm/dist/pnpm.cjs:86073:17)\n    at async run (/Users/seven/.config/yarn/global/node_modules/pnpm/dist/pnpm.cjs:74166:23)"
    }
  },
  "5 debug pnpm:_dependency_resolved": {
    "resolution": "registry.npmmirror.com/dayjs/1.10.8",
    "wanted": {
      "dependentId": ".",
      "name": "dayjs",
      "rawSpec": "^1.10.8"
    }
  }
}